6.5099 	WARNING 	User requested fullscreen with size [1024  768], but screen is actually [1920, 1080]. Using actual size
7.4793 	EXP 	Created window1 = Window(allowGUI=False, allowStencil=False, args=UNKNOWN, autoLog=True, bitsMode=UNKNOWN, blendMode='avg', color=array([0., 0., 0.]), colorSpace='rgb', fullscr=<method-wrapper '__getattribute__' of attributeSetter object at 0x000000001A5E29E8>, gamma=None, gammaErrorPolicy='raise', kwargs=UNKNOWN, lms=UNKNOWN, monitor=<psychopy.monitors.calibTools.Monitor object at 0x000000001A653A90>, multiSample=False, name='window1', numSamples=2, pos=[0.0, 0.0], screen=0, size=array([1920, 1080]), stereo=False, units='height', useFBO=True, useRetina=False, viewOri=0.0, viewPos=None, viewScale=None, waitBlanking=True, winType='pyglet')
7.4794 	EXP 	window1: recordFrameIntervals = False
7.6446 	EXP 	window1: recordFrameIntervals = True
7.8285 	EXP 	window1: recordFrameIntervals = False
8.0038 	EXP 	Created txt_instrcution = TextStim(__class__=<class 'psychopy.visual.text.TextStim'>, alignHoriz='center', alignVert='center', antialias=True, autoLog=True, bold=False, color='white', colorSpace='named', contrast=1.0, depth=0.0, flipHoriz=False, flipVert=False, font='Arial', fontFiles=[], height=0.05, italic=False, languageStyle='LTR', name='txt_instrcution', opacity=1.0, ori=0, pos=array([0., 0.]), rgb=array([255., 255., 255.]), text=str(...), units='height', win=Window(...), wrapWidth=1)
8.0122 	EXP 	Created txt_imi = TextStim(__class__=<class 'psychopy.visual.text.TextStim'>, alignHoriz='center', alignVert='center', antialias=True, autoLog=True, bold=False, color='white', colorSpace='named', contrast=1.0, depth=0.0, flipHoriz=False, flipVert=False, font='Arial', fontFiles=[], height=0.1, italic=False, languageStyle='LTR', name='txt_imi', opacity=1.0, ori=0, pos=array([0., 0.]), rgb=array([255., 255., 255.]), text='+', units='height', win=Window(...), wrapWidth=1)
8.3044 	EXP 	Created movie2_video = MovieStim3(__class__=<class 'psychopy.visual.movie3.MovieStim3'>, autoLog=True, color=UNKNOWN, colorSpace=UNKNOWN, depth=0.0, filename='stimuliSet\\v5\\seg\\v5_comb.avi', flipHoriz=False, flipVert=False, fps=UNKNOWN, interpolate=True, loop=False, name='movie2_video', noAudio=True, opacity=1.0, ori=0, pos=array([0., 0.]), size=array([480., 352.]), units='pix', vframe_callback=UNKNOWN, volume=UNKNOWN, win=Window(...))
8.3077 	EXP 	Created txt_imi = TextStim(__class__=<class 'psychopy.visual.text.TextStim'>, alignHoriz='center', alignVert='center', antialias=True, autoLog=True, bold=False, color='white', colorSpace='named', contrast=1.0, depth=0.0, flipHoriz=False, flipVert=False, font='Arial', fontFiles=[], height=0.1, italic=False, languageStyle='LTR', name='txt_imi', opacity=1.0, ori=0, pos=array([0., 0.]), rgb=array([255., 255., 255.]), text='+', units='height', win=Window(...), wrapWidth=1)
8.3616 	EXP 	Created movie3_seg = MovieStim3(__class__=<class 'psychopy.visual.movie3.MovieStim3'>, autoLog=True, color=UNKNOWN, colorSpace=UNKNOWN, depth=-2.0, filename='stimuliSet\\v7\\seg\\v7_comb.avi', flipHoriz=False, flipVert=False, fps=UNKNOWN, interpolate=True, loop=False, name='movie3_seg', noAudio=True, opacity=1.0, ori=0, pos=array([0., 0.]), size=array([480., 360.]), units='pix', vframe_callback=UNKNOWN, volume=UNKNOWN, win=Window(...))
8.4128 	EXP 	movie2_video: movie = 'stimuliSet\\v5\\seg\\v5_comb.avi'
8.4128 	EXP 	movie2_video: autoLog = True
8.4128 	EXP 	movie3_seg: movie = 'stimuliSet\\v7\\seg\\v7_comb.avi'
8.4128 	EXP 	movie3_seg: autoLog = True
8.4128 	EXP 	txt_instrcution: autoDraw = True
35.7457 	EXP 	Created movie1_video = MovieStim3(__class__=<class 'psychopy.visual.movie3.MovieStim3'>, autoLog=True, color=UNKNOWN, colorSpace=UNKNOWN, depth=-2.0, filename='stimuliSet\\v1\\seg\\v1_comb.avi', flipHoriz=False, flipVert=False, fps=UNKNOWN, interpolate=True, loop=False, name='movie1_video', noAudio=True, opacity=1.0, ori=0, pos=array([0., 0.]), size=array([480., 352.]), units='pix', vframe_callback=UNKNOWN, volume=UNKNOWN, win=Window(...))
35.7605 	EXP 	txt_instrcution: autoDraw = False
35.7605 	EXP 	movie1_video: movie = 'stimuliSet\\v1\\seg\\v1_comb.avi'
35.7605 	EXP 	movie1_video: autoLog = True
35.7605 	EXP 	movie1_video: autoDraw = True
49.6798 	DATA 	Mouse: Left button down, pos=(805,653)
49.8460 	DATA 	Mouse:  Left button up, pos=(805,653)
57.4988 	DATA 	Keypress: space
68.6689 	DATA 	Keypress: space
75.7039 	DATA 	Keypress: space
81.1536 	DATA 	Keypress: space
96.4407 	DATA 	Keypress: space
105.5108 	DATA 	Keypress: space
121.9013 	DATA 	Keypress: space
127.4842 	DATA 	Keypress: space
132.2377 	DATA 	Keypress: space
147.1063 	DATA 	Keypress: space
161.2630 	DATA 	Keypress: space
174.1819 	DATA 	Keypress: space
192.7876 	DATA 	Keypress: space
207.6600 	DATA 	Keypress: space
217.8966 	DATA 	Keypress: space
220.5249 	EXP 	movie1_video: autoDraw = False
220.5249 	EXP 	movie1_video: autoDraw = False
220.5249 	EXP 	txt_imi: autoDraw = True
223.5259 	EXP 	txt_imi: autoDraw = False
223.5259 	EXP 	txt_imi: autoDraw = False
223.5259 	EXP 	movie2_video: autoDraw = True
227.9669 	DATA 	Keypress: space
234.3012 	DATA 	Keypress: space
240.0706 	DATA 	Keypress: space
242.6187 	DATA 	Keypress: space
246.3038 	DATA 	Keypress: space
251.7051 	DATA 	Keypress: space
257.0063 	DATA 	Keypress: space
260.2263 	DATA 	Keypress: space
267.7287 	DATA 	Keypress: space
278.7652 	DATA 	Keypress: space
285.9676 	DATA 	Keypress: space
293.9028 	DATA 	Keypress: space
299.0022 	DATA 	Keypress: space
311.4572 	DATA 	Keypress: space
321.0613 	DATA 	Keypress: space
346.8171 	DATA 	Keypress: space
349.3688 	DATA 	Keypress: space
354.6356 	DATA 	Keypress: space
356.5887 	DATA 	Keypress: space
368.0251 	DATA 	Keypress: space
369.6262 	DATA 	Keypress: space
376.0754 	DATA 	Keypress: space
400.2686 	DATA 	Keypress: space
405.5027 	DATA 	Keypress: space
409.1880 	DATA 	Keypress: space
417.5563 	DATA 	Keypress: space
417.6341 	EXP 	movie2_video: autoDraw = False
417.6341 	EXP 	movie2_video: autoDraw = False
417.6341 	EXP 	txt_imi: autoDraw = True
420.6350 	EXP 	txt_imi: autoDraw = False
420.6350 	EXP 	txt_imi: autoDraw = False
420.6350 	EXP 	movie3_seg: autoDraw = True
422.7566 	DATA 	Keypress: space
426.3239 	DATA 	Keypress: space
442.1475 	DATA 	Keypress: space
466.8385 	DATA 	Keypress: space
479.4231 	DATA 	Keypress: space
488.6115 	DATA 	Keypress: space
497.8808 	DATA 	Keypress: space
504.8656 	DATA 	Keypress: space
544.1779 	DATA 	Keypress: space
583.2066 	DATA 	Keypress: space
599.9113 	DATA 	Keypress: space
624.9835 	DATA 	Keypress: space
638.3055 	DATA 	Keypress: space
641.6346 	EXP 	movie3_seg: autoDraw = False
641.6346 	EXP 	movie3_seg: autoDraw = False
641.6888 	EXP 	window1: mouseVisible = True
