11.4685 	WARNING 	User requested fullscreen with size [1024  768], but screen is actually [1920, 1080]. Using actual size
13.5613 	EXP 	Created window1 = Window(allowGUI=False, allowStencil=False, args=UNKNOWN, autoLog=True, bitsMode=UNKNOWN, blendMode='avg', color=array([0., 0., 0.]), colorSpace='rgb', fullscr=<method-wrapper '__getattribute__' of attributeSetter object at 0x000002C1303ED978>, gamma=None, kwargs=UNKNOWN, lms=UNKNOWN, monitor=<psychopy.monitors.calibTools.Monitor object at 0x000002C131C22278>, multiSample=False, name='window1', numSamples=2, pos=[0.0, 0.0], screen=0, size=array([1920, 1080]), stereo=False, units='height', useFBO=True, useRetina=False, viewOri=0.0, viewPos=None, viewScale=None, waitBlanking=True, winType='pyglet')
13.5614 	EXP 	window1: recordFrameIntervals = False
13.7099 	EXP 	window1: recordFrameIntervals = True
13.8937 	EXP 	window1: recordFrameIntervals = False
14.4786 	EXP 	Created txt_instrcution = TextStim(__class__=<class 'psychopy.visual.text.TextStim'>, alignHoriz='center', alignVert='center', antialias=True, autoLog=True, bold=False, color='white', colorSpace='named', contrast=1.0, depth=0.0, flipHoriz=False, flipVert=False, font='Arial', fontFiles=[], height=0.05, italic=False, languageStyle='LTR', name='txt_instrcution', opacity=1.0, ori=0, pos=array([0., 0.]), rgb=array([255., 255., 255.]), text=str(...), units='height', win=Window(...), wrapWidth=1)
14.4919 	EXP 	Created txt_imi = TextStim(__class__=<class 'psychopy.visual.text.TextStim'>, alignHoriz='center', alignVert='center', antialias=True, autoLog=True, bold=False, color='white', colorSpace='named', contrast=1.0, depth=0.0, flipHoriz=False, flipVert=False, font='Arial', fontFiles=[], height=0.1, italic=False, languageStyle='LTR', name='txt_imi', opacity=1.0, ori=0, pos=array([0., 0.]), rgb=array([255., 255., 255.]), text='+', units='height', win=Window(...), wrapWidth=1)
16.3767 	EXP 	Created movie2_video = MovieStim3(__class__=<class 'psychopy.visual.movie3.MovieStim3'>, autoLog=True, color=UNKNOWN, colorSpace=UNKNOWN, depth=0.0, filename='stimuliSet\\v7\\seg\\v7_comb.avi', flipHoriz=False, flipVert=False, fps=UNKNOWN, interpolate=True, loop=False, name='movie2_video', noAudio=True, opacity=1.0, ori=0, pos=array([0., 0.]), size=array([480., 360.]), units='pix', vframe_callback=UNKNOWN, volume=UNKNOWN, win=Window(...))
16.3788 	EXP 	Created txt_imi = TextStim(__class__=<class 'psychopy.visual.text.TextStim'>, alignHoriz='center', alignVert='center', antialias=True, autoLog=True, bold=False, color='white', colorSpace='named', contrast=1.0, depth=0.0, flipHoriz=False, flipVert=False, font='Arial', fontFiles=[], height=0.1, italic=False, languageStyle='LTR', name='txt_imi', opacity=1.0, ori=0, pos=array([0., 0.]), rgb=array([255., 255., 255.]), text='+', units='height', win=Window(...), wrapWidth=1)
16.5256 	EXP 	Created movie3_seg = MovieStim3(__class__=<class 'psychopy.visual.movie3.MovieStim3'>, autoLog=True, color=UNKNOWN, colorSpace=UNKNOWN, depth=-2.0, filename='stimuliSet\\v5\\seg\\v5_comb.avi', flipHoriz=False, flipVert=False, fps=UNKNOWN, interpolate=True, loop=False, name='movie3_seg', noAudio=True, opacity=1.0, ori=0, pos=array([0., 0.]), size=array([480., 352.]), units='pix', vframe_callback=UNKNOWN, volume=UNKNOWN, win=Window(...))
16.5313 	EXP 	movie2_video: movie = 'stimuliSet\\v7\\seg\\v7_comb.avi'
16.5313 	EXP 	movie2_video: autoLog = True
16.5313 	EXP 	movie3_seg: movie = 'stimuliSet\\v5\\seg\\v5_comb.avi'
16.5313 	EXP 	movie3_seg: autoLog = True
16.5313 	EXP 	txt_instrcution: autoDraw = True
34.8768 	DATA 	Keypress: space
35.0363 	EXP 	Created movie1_video = MovieStim3(__class__=<class 'psychopy.visual.movie3.MovieStim3'>, autoLog=True, color=UNKNOWN, colorSpace=UNKNOWN, depth=-2.0, filename='stimuliSet\\v1\\seg\\v1_comb.avi', flipHoriz=False, flipVert=False, fps=UNKNOWN, interpolate=True, loop=False, name='movie1_video', noAudio=True, opacity=1.0, ori=0, pos=array([0., 0.]), size=array([480., 352.]), units='pix', vframe_callback=UNKNOWN, volume=UNKNOWN, win=Window(...))
35.0466 	EXP 	txt_instrcution: autoDraw = False
35.0466 	EXP 	movie1_video: movie = 'stimuliSet\\v1\\seg\\v1_comb.avi'
35.0466 	EXP 	movie1_video: autoLog = True
35.0466 	EXP 	movie1_video: autoDraw = True
51.5780 	DATA 	Keypress: space
55.3602 	DATA 	Keypress: space
57.7299 	DATA 	Keypress: space
74.9925 	DATA 	Keypress: space
103.7940 	DATA 	Keypress: space
117.3633 	DATA 	Keypress: space
130.9601 	DATA 	Keypress: space
146.4099 	DATA 	Keypress: space
172.1774 	DATA 	Keypress: space
189.9775 	DATA 	Keypress: space
219.6424 	EXP 	movie1_video: autoDraw = False
219.6424 	EXP 	movie1_video: autoDraw = False
219.6424 	EXP 	txt_imi: autoDraw = True
222.6425 	EXP 	txt_imi: autoDraw = False
222.6425 	EXP 	txt_imi: autoDraw = False
222.6425 	EXP 	movie2_video: autoDraw = True
244.3796 	DATA 	Keypress: space
284.5263 	DATA 	Keypress: space
309.3931 	DATA 	Keypress: space
332.1762 	DATA 	Keypress: space
353.0263 	DATA 	Keypress: space
385.0773 	DATA 	Keypress: space
402.3263 	DATA 	Keypress: space
425.7458 	DATA 	Keypress: space
443.6420 	EXP 	movie2_video: autoDraw = False
443.6420 	EXP 	movie2_video: autoDraw = False
443.6420 	EXP 	txt_imi: autoDraw = True
446.6421 	EXP 	txt_imi: autoDraw = False
446.6421 	EXP 	txt_imi: autoDraw = False
446.6421 	EXP 	movie3_seg: autoDraw = True
474.4928 	DATA 	Keypress: space
474.5934 	DATA 	Keypress: space
509.3768 	DATA 	Keypress: space
524.0936 	DATA 	Keypress: space
604.6091 	DATA 	Keypress: space
623.7454 	DATA 	Keypress: space
624.1756 	DATA 	Keypress: space
641.0456 	EXP 	window1: mouseVisible = True
