12.9161 	WARNING 	User requested fullscreen with size [1024  768], but screen is actually [1920, 1080]. Using actual size
14.8645 	EXP 	Created window1 = Window(allowGUI=False, allowStencil=False, args=UNKNOWN, autoLog=True, bitsMode=UNKNOWN, blendMode='avg', color=array([0., 0., 0.]), colorSpace='rgb', fullscr=<method-wrapper '__getattribute__' of attributeSetter object at 0x0000027117A8D978>, gamma=None, kwargs=UNKNOWN, lms=UNKNOWN, monitor=<psychopy.monitors.calibTools.Monitor object at 0x0000027119302278>, multiSample=False, name='window1', numSamples=2, pos=[0.0, 0.0], screen=0, size=array([1920, 1080]), stereo=False, units='height', useFBO=True, useRetina=False, viewOri=0.0, viewPos=None, viewScale=None, waitBlanking=True, winType='pyglet')
14.8646 	EXP 	window1: recordFrameIntervals = False
15.0300 	EXP 	window1: recordFrameIntervals = True
15.2138 	EXP 	window1: recordFrameIntervals = False
15.6809 	EXP 	Created txt_instrcution = TextStim(__class__=<class 'psychopy.visual.text.TextStim'>, alignHoriz='center', alignVert='center', antialias=True, autoLog=True, bold=False, color='white', colorSpace='named', contrast=1.0, depth=0.0, flipHoriz=False, flipVert=False, font='Arial', fontFiles=[], height=0.05, italic=False, languageStyle='LTR', name='txt_instrcution', opacity=1.0, ori=0, pos=array([0., 0.]), rgb=array([255., 255., 255.]), text=str(...), units='height', win=Window(...), wrapWidth=1)
15.7030 	EXP 	Created txt_imi = TextStim(__class__=<class 'psychopy.visual.text.TextStim'>, alignHoriz='center', alignVert='center', antialias=True, autoLog=True, bold=False, color='white', colorSpace='named', contrast=1.0, depth=0.0, flipHoriz=False, flipVert=False, font='Arial', fontFiles=[], height=0.1, italic=False, languageStyle='LTR', name='txt_imi', opacity=1.0, ori=0, pos=array([0., 0.]), rgb=array([255., 255., 255.]), text='+', units='height', win=Window(...), wrapWidth=1)
17.0754 	EXP 	Created movie2_video = MovieStim3(__class__=<class 'psychopy.visual.movie3.MovieStim3'>, autoLog=True, color=UNKNOWN, colorSpace=UNKNOWN, depth=0.0, filename='stimuliSet\\v5\\seg\\v5_comb.avi', flipHoriz=False, flipVert=False, fps=UNKNOWN, interpolate=True, loop=False, name='movie2_video', noAudio=True, opacity=1.0, ori=0, pos=array([0., 0.]), size=array([480., 352.]), units='pix', vframe_callback=UNKNOWN, volume=UNKNOWN, win=Window(...))
17.0778 	EXP 	Created txt_imi = TextStim(__class__=<class 'psychopy.visual.text.TextStim'>, alignHoriz='center', alignVert='center', antialias=True, autoLog=True, bold=False, color='white', colorSpace='named', contrast=1.0, depth=0.0, flipHoriz=False, flipVert=False, font='Arial', fontFiles=[], height=0.1, italic=False, languageStyle='LTR', name='txt_imi', opacity=1.0, ori=0, pos=array([0., 0.]), rgb=array([255., 255., 255.]), text='+', units='height', win=Window(...), wrapWidth=1)
17.1715 	EXP 	Created movie3_seg = MovieStim3(__class__=<class 'psychopy.visual.movie3.MovieStim3'>, autoLog=True, color=UNKNOWN, colorSpace=UNKNOWN, depth=-2.0, filename='stimuliSet\\v1\\seg\\v1_comb.avi', flipHoriz=False, flipVert=False, fps=UNKNOWN, interpolate=True, loop=False, name='movie3_seg', noAudio=True, opacity=1.0, ori=0, pos=array([0., 0.]), size=array([480., 352.]), units='pix', vframe_callback=UNKNOWN, volume=UNKNOWN, win=Window(...))
17.1776 	EXP 	movie2_video: movie = 'stimuliSet\\v5\\seg\\v5_comb.avi'
17.1776 	EXP 	movie2_video: autoLog = True
17.1776 	EXP 	movie3_seg: movie = 'stimuliSet\\v1\\seg\\v1_comb.avi'
17.1776 	EXP 	movie3_seg: autoLog = True
17.1776 	EXP 	txt_instrcution: autoDraw = True
45.4970 	DATA 	Keypress: space
45.6281 	EXP 	Created movie1_video = MovieStim3(__class__=<class 'psychopy.visual.movie3.MovieStim3'>, autoLog=True, color=UNKNOWN, colorSpace=UNKNOWN, depth=-2.0, filename='stimuliSet\\v7\\seg\\v7_comb.avi', flipHoriz=False, flipVert=False, fps=UNKNOWN, interpolate=True, loop=False, name='movie1_video', noAudio=True, opacity=1.0, ori=0, pos=array([0., 0.]), size=array([480., 360.]), units='pix', vframe_callback=UNKNOWN, volume=UNKNOWN, win=Window(...))
45.6403 	EXP 	txt_instrcution: autoDraw = False
45.6403 	EXP 	movie1_video: movie = 'stimuliSet\\v7\\seg\\v7_comb.avi'
45.6403 	EXP 	movie1_video: autoLog = True
45.6403 	EXP 	movie1_video: autoDraw = True
50.0476 	DATA 	Keypress: space
54.7470 	DATA 	Keypress: space
67.0801 	DATA 	Keypress: space
76.1810 	DATA 	Keypress: space
90.5790 	DATA 	Keypress: space
103.6137 	DATA 	Keypress: space
112.8981 	DATA 	Keypress: space
121.8812 	DATA 	Keypress: space
128.6479 	DATA 	Keypress: space
133.3637 	DATA 	Keypress: space
140.7967 	DATA 	Keypress: space
145.7468 	DATA 	Keypress: space
156.7634 	DATA 	Keypress: space
161.9309 	DATA 	Keypress: space
168.7800 	DATA 	Keypress: space
175.3639 	DATA 	Keypress: space
183.7132 	DATA 	Keypress: space
194.7134 	DATA 	Keypress: space
201.3833 	DATA 	Keypress: space
207.4800 	DATA 	Keypress: space
212.7630 	DATA 	Keypress: space
223.5833 	DATA 	Keypress: space
229.0974 	DATA 	Keypress: space
250.4464 	DATA 	Keypress: space
257.5834 	DATA 	Keypress: space
266.5126 	EXP 	movie1_video: autoDraw = False
266.5126 	EXP 	movie1_video: autoDraw = False
266.5126 	EXP 	txt_imi: autoDraw = True
269.5127 	EXP 	txt_imi: autoDraw = False
269.5127 	EXP 	txt_imi: autoDraw = False
269.5127 	EXP 	movie2_video: autoDraw = True
279.9630 	DATA 	Keypress: space
285.3298 	DATA 	Keypress: space
288.4467 	DATA 	Keypress: space
293.6161 	DATA 	Keypress: space
297.9312 	DATA 	Keypress: space
301.8163 	DATA 	Keypress: space
306.9297 	DATA 	Keypress: space
314.2129 	DATA 	Keypress: space
318.7631 	DATA 	Keypress: space
327.0464 	DATA 	Keypress: space
332.2964 	DATA 	Keypress: space
342.1297 	DATA 	Keypress: space
359.4797 	DATA 	Keypress: space
393.3467 	DATA 	Keypress: space
399.0628 	DATA 	Keypress: space
401.1150 	DATA 	Keypress: space
414.4135 	DATA 	Keypress: space
420.7462 	DATA 	Keypress: space
445.9796 	DATA 	Keypress: space
455.1636 	DATA 	Keypress: space
463.6120 	EXP 	movie2_video: autoDraw = False
463.6120 	EXP 	movie2_video: autoDraw = False
463.6120 	EXP 	txt_imi: autoDraw = True
466.6122 	EXP 	txt_imi: autoDraw = False
466.6122 	EXP 	txt_imi: autoDraw = False
466.6122 	EXP 	movie3_seg: autoDraw = True
488.2463 	DATA 	Keypress: space
506.9480 	DATA 	Keypress: space
535.6799 	DATA 	Keypress: space
549.5453 	DATA 	Keypress: space
562.6803 	DATA 	Keypress: space
569.5292 	DATA 	Keypress: space
579.1464 	DATA 	Keypress: space
604.1301 	DATA 	Keypress: space
613.7292 	DATA 	Keypress: space
622.0792 	DATA 	Keypress: space
629.1291 	DATA 	Keypress: space
649.0153 	DATA 	Keypress: space
651.6390 	EXP 	window1: mouseVisible = True
