8.6799 	WARNING 	User requested fullscreen with size [1024  768], but screen is actually [1920, 1080]. Using actual size
10.7964 	EXP 	Created window1 = Window(allowGUI=False, allowStencil=False, args=UNKNOWN, autoLog=True, bitsMode=UNKNOWN, blendMode='avg', color=array([0., 0., 0.]), colorSpace='rgb', fullscr=<method-wrapper '__getattribute__' of attributeSetter object at 0x000002A97661E940>, gamma=None, kwargs=UNKNOWN, lms=UNKNOWN, monitor=<psychopy.monitors.calibTools.Monitor object at 0x000002A977E93278>, multiSample=False, name='window1', numSamples=2, pos=[0.0, 0.0], screen=0, size=array([1920, 1080]), stereo=False, units='height', useFBO=True, useRetina=False, viewOri=0.0, viewPos=None, viewScale=None, waitBlanking=True, winType='pyglet')
10.7965 	EXP 	window1: recordFrameIntervals = False
10.9449 	EXP 	window1: recordFrameIntervals = True
11.1286 	EXP 	window1: recordFrameIntervals = False
11.6697 	EXP 	Created txt_instrcution = TextStim(__class__=<class 'psychopy.visual.text.TextStim'>, alignHoriz='center', alignVert='center', antialias=True, autoLog=True, bold=False, color='white', colorSpace='named', contrast=1.0, depth=0.0, flipHoriz=False, flipVert=False, font='Arial', fontFiles=[], height=0.05, italic=False, languageStyle='LTR', name='txt_instrcution', opacity=1.0, ori=0, pos=array([0., 0.]), rgb=array([255., 255., 255.]), text=str(...), units='height', win=Window(...), wrapWidth=1)
11.6921 	EXP 	Created txt_imi = TextStim(__class__=<class 'psychopy.visual.text.TextStim'>, alignHoriz='center', alignVert='center', antialias=True, autoLog=True, bold=False, color='white', colorSpace='named', contrast=1.0, depth=0.0, flipHoriz=False, flipVert=False, font='Arial', fontFiles=[], height=0.1, italic=False, languageStyle='LTR', name='txt_imi', opacity=1.0, ori=0, pos=array([0., 0.]), rgb=array([255., 255., 255.]), text='+', units='height', win=Window(...), wrapWidth=1)
13.2810 	EXP 	Created movie2_video = MovieStim3(__class__=<class 'psychopy.visual.movie3.MovieStim3'>, autoLog=True, color=UNKNOWN, colorSpace=UNKNOWN, depth=0.0, filename='stimuliSet\\v1\\seg\\v1_comb.avi', flipHoriz=False, flipVert=False, fps=UNKNOWN, interpolate=True, loop=False, name='movie2_video', noAudio=True, opacity=1.0, ori=0, pos=array([0., 0.]), size=array([480., 352.]), units='pix', vframe_callback=UNKNOWN, volume=UNKNOWN, win=Window(...))
13.2831 	EXP 	Created txt_imi = TextStim(__class__=<class 'psychopy.visual.text.TextStim'>, alignHoriz='center', alignVert='center', antialias=True, autoLog=True, bold=False, color='white', colorSpace='named', contrast=1.0, depth=0.0, flipHoriz=False, flipVert=False, font='Arial', fontFiles=[], height=0.1, italic=False, languageStyle='LTR', name='txt_imi', opacity=1.0, ori=0, pos=array([0., 0.]), rgb=array([255., 255., 255.]), text='+', units='height', win=Window(...), wrapWidth=1)
13.3962 	EXP 	Created movie3_seg = MovieStim3(__class__=<class 'psychopy.visual.movie3.MovieStim3'>, autoLog=True, color=UNKNOWN, colorSpace=UNKNOWN, depth=-2.0, filename='stimuliSet\\v7\\seg\\v7_comb.avi', flipHoriz=False, flipVert=False, fps=UNKNOWN, interpolate=True, loop=False, name='movie3_seg', noAudio=True, opacity=1.0, ori=0, pos=array([0., 0.]), size=array([480., 360.]), units='pix', vframe_callback=UNKNOWN, volume=UNKNOWN, win=Window(...))
13.4033 	EXP 	movie2_video: movie = 'stimuliSet\\v1\\seg\\v1_comb.avi'
13.4033 	EXP 	movie2_video: autoLog = True
13.4033 	EXP 	movie3_seg: movie = 'stimuliSet\\v7\\seg\\v7_comb.avi'
13.4033 	EXP 	movie3_seg: autoLog = True
13.4033 	EXP 	txt_instrcution: autoDraw = True
23.8622 	DATA 	Keypress: space
23.9828 	EXP 	Created movie1_video = MovieStim3(__class__=<class 'psychopy.visual.movie3.MovieStim3'>, autoLog=True, color=UNKNOWN, colorSpace=UNKNOWN, depth=-2.0, filename='stimuliSet\\v5\\seg\\v5_comb.avi', flipHoriz=False, flipVert=False, fps=UNKNOWN, interpolate=True, loop=False, name='movie1_video', noAudio=True, opacity=1.0, ori=0, pos=array([0., 0.]), size=array([480., 352.]), units='pix', vframe_callback=UNKNOWN, volume=UNKNOWN, win=Window(...))
23.9984 	EXP 	txt_instrcution: autoDraw = False
23.9984 	EXP 	movie1_video: movie = 'stimuliSet\\v5\\seg\\v5_comb.avi'
23.9984 	EXP 	movie1_video: autoLog = True
23.9984 	EXP 	movie1_video: autoDraw = True
27.8626 	DATA 	Keypress: space
33.6121 	DATA 	Keypress: space
50.5627 	DATA 	Keypress: space
55.5784 	DATA 	Keypress: space
59.5619 	DATA 	Keypress: space
59.9285 	DATA 	Keypress: space
63.4287 	DATA 	Keypress: space
67.2119 	DATA 	Keypress: space
87.3774 	DATA 	Keypress: space
93.2286 	DATA 	Keypress: space
102.0782 	DATA 	Keypress: space
118.1951 	DATA 	Keypress: space
149.9617 	DATA 	Keypress: space
158.6282 	DATA 	Keypress: space
171.0647 	DATA 	Keypress: space
178.0293 	DATA 	Keypress: space
185.8284 	DATA 	Keypress: space
202.4282 	DATA 	Keypress: space
217.9776 	EXP 	movie1_video: autoDraw = False
217.9776 	EXP 	movie1_video: autoDraw = False
217.9776 	EXP 	txt_imi: autoDraw = True
220.9776 	EXP 	txt_imi: autoDraw = False
220.9776 	EXP 	txt_imi: autoDraw = False
220.9776 	EXP 	movie2_video: autoDraw = True
227.1782 	DATA 	Keypress: space
258.2452 	DATA 	Keypress: space
268.3450 	DATA 	Keypress: space
295.4771 	DATA 	Keypress: space
309.5947 	DATA 	Keypress: space
312.2780 	DATA 	Keypress: space
326.0451 	DATA 	Keypress: space
349.9446 	DATA 	Keypress: space
380.0621 	DATA 	Keypress: space
405.7271 	EXP 	movie2_video: autoDraw = False
405.7271 	EXP 	movie2_video: autoDraw = False
405.7271 	EXP 	txt_imi: autoDraw = True
408.7272 	EXP 	txt_imi: autoDraw = False
408.7272 	EXP 	txt_imi: autoDraw = False
408.7272 	EXP 	movie3_seg: autoDraw = True
410.3278 	DATA 	Keypress: space
467.3611 	DATA 	Keypress: space
481.5281 	DATA 	Keypress: space
486.7784 	DATA 	Keypress: lctrl
498.2786 	DATA 	Keypress: space
536.3276 	DATA 	Keypress: space
587.5285 	DATA 	Keypress: space
594.1281 	DATA 	Keypress: space
622.4971 	DATA 	Keypress: space
630.0189 	EXP 	window1: mouseVisible = True
