17.6032 	WARNING 	User requested fullscreen with size [1024  768], but screen is actually [1920, 1080]. Using actual size
19.6856 	EXP 	Created window1 = Window(allowGUI=False, allowStencil=False, args=UNKNOWN, autoLog=True, bitsMode=UNKNOWN, blendMode='avg', color=array([0., 0., 0.]), colorSpace='rgb', fullscr=<method-wrapper '__getattribute__' of attributeSetter object at 0x000001CC96E8D940>, gamma=None, kwargs=UNKNOWN, lms=UNKNOWN, monitor=<psychopy.monitors.calibTools.Monitor object at 0x000001CC98702278>, multiSample=False, name='window1', numSamples=2, pos=[0.0, 0.0], screen=0, size=array([1920, 1080]), stereo=False, units='height', useFBO=True, useRetina=False, viewOri=0.0, viewPos=None, viewScale=None, waitBlanking=True, winType='pyglet')
19.6857 	EXP 	window1: recordFrameIntervals = False
19.8509 	EXP 	window1: recordFrameIntervals = True
20.0347 	EXP 	window1: recordFrameIntervals = False
20.5624 	EXP 	Created txt_instrcution = TextStim(__class__=<class 'psychopy.visual.text.TextStim'>, alignHoriz='center', alignVert='center', antialias=True, autoLog=True, bold=False, color='white', colorSpace='named', contrast=1.0, depth=0.0, flipHoriz=False, flipVert=False, font='Arial', fontFiles=[], height=0.05, italic=False, languageStyle='LTR', name='txt_instrcution', opacity=1.0, ori=0, pos=array([0., 0.]), rgb=array([255., 255., 255.]), text=str(...), units='height', win=Window(...), wrapWidth=1)
20.5997 	EXP 	Created txt_imi = TextStim(__class__=<class 'psychopy.visual.text.TextStim'>, alignHoriz='center', alignVert='center', antialias=True, autoLog=True, bold=False, color='white', colorSpace='named', contrast=1.0, depth=0.0, flipHoriz=False, flipVert=False, font='Arial', fontFiles=[], height=0.1, italic=False, languageStyle='LTR', name='txt_imi', opacity=1.0, ori=0, pos=array([0., 0.]), rgb=array([255., 255., 255.]), text='+', units='height', win=Window(...), wrapWidth=1)
22.2683 	EXP 	Created movie2_video = MovieStim3(__class__=<class 'psychopy.visual.movie3.MovieStim3'>, autoLog=True, color=UNKNOWN, colorSpace=UNKNOWN, depth=0.0, filename='stimuliSet\\v1\\seg\\v1_comb.avi', flipHoriz=False, flipVert=False, fps=UNKNOWN, interpolate=True, loop=False, name='movie2_video', noAudio=True, opacity=1.0, ori=0, pos=array([0., 0.]), size=array([480., 352.]), units='pix', vframe_callback=UNKNOWN, volume=UNKNOWN, win=Window(...))
22.2703 	EXP 	Created txt_imi = TextStim(__class__=<class 'psychopy.visual.text.TextStim'>, alignHoriz='center', alignVert='center', antialias=True, autoLog=True, bold=False, color='white', colorSpace='named', contrast=1.0, depth=0.0, flipHoriz=False, flipVert=False, font='Arial', fontFiles=[], height=0.1, italic=False, languageStyle='LTR', name='txt_imi', opacity=1.0, ori=0, pos=array([0., 0.]), rgb=array([255., 255., 255.]), text='+', units='height', win=Window(...), wrapWidth=1)
22.3750 	EXP 	Created movie3_seg = MovieStim3(__class__=<class 'psychopy.visual.movie3.MovieStim3'>, autoLog=True, color=UNKNOWN, colorSpace=UNKNOWN, depth=-2.0, filename='stimuliSet\\v7\\seg\\v7_comb.avi', flipHoriz=False, flipVert=False, fps=UNKNOWN, interpolate=True, loop=False, name='movie3_seg', noAudio=True, opacity=1.0, ori=0, pos=array([0., 0.]), size=array([480., 360.]), units='pix', vframe_callback=UNKNOWN, volume=UNKNOWN, win=Window(...))
22.3807 	EXP 	movie2_video: movie = 'stimuliSet\\v1\\seg\\v1_comb.avi'
22.3807 	EXP 	movie2_video: autoLog = True
22.3807 	EXP 	movie3_seg: movie = 'stimuliSet\\v7\\seg\\v7_comb.avi'
22.3807 	EXP 	movie3_seg: autoLog = True
22.3807 	EXP 	txt_instrcution: autoDraw = True
53.9346 	DATA 	Keypress: space
54.0490 	EXP 	Created movie1_video = MovieStim3(__class__=<class 'psychopy.visual.movie3.MovieStim3'>, autoLog=True, color=UNKNOWN, colorSpace=UNKNOWN, depth=-2.0, filename='stimuliSet\\v5\\seg\\v5_comb.avi', flipHoriz=False, flipVert=False, fps=UNKNOWN, interpolate=True, loop=False, name='movie1_video', noAudio=True, opacity=1.0, ori=0, pos=array([0., 0.]), size=array([480., 352.]), units='pix', vframe_callback=UNKNOWN, volume=UNKNOWN, win=Window(...))
54.0620 	EXP 	txt_instrcution: autoDraw = False
54.0620 	EXP 	movie1_video: movie = 'stimuliSet\\v5\\seg\\v5_comb.avi'
54.0620 	EXP 	movie1_video: autoLog = True
54.0620 	EXP 	movie1_video: autoDraw = True
56.2342 	DATA 	Keypress: space
58.5022 	DATA 	Keypress: space
64.2523 	DATA 	Keypress: space
67.5851 	DATA 	Keypress: space
69.9855 	DATA 	Keypress: space
70.9858 	DATA 	Keypress: space
72.8179 	DATA 	Keypress: space
77.1856 	DATA 	Keypress: space
79.2005 	DATA 	Keypress: space
82.0355 	DATA 	Keypress: space
86.2014 	DATA 	Keypress: space
90.0356 	DATA 	Keypress: space
92.3003 	DATA 	Keypress: space
97.9345 	DATA 	Keypress: space
103.0523 	DATA 	Keypress: space
109.1013 	DATA 	Keypress: space
113.6838 	DATA 	Keypress: space
117.0013 	DATA 	Keypress: space
118.4346 	DATA 	Keypress: space
124.7342 	DATA 	Keypress: space
128.2506 	DATA 	Keypress: space
132.8182 	DATA 	Keypress: space
137.0360 	DATA 	Keypress: space
139.8850 	DATA 	Keypress: space
143.4344 	DATA 	Keypress: space
152.0016 	DATA 	Keypress: space
156.9346 	DATA 	Keypress: space
163.3677 	DATA 	Keypress: space
169.4012 	DATA 	Keypress: space
176.8015 	DATA 	Keypress: space
179.2520 	DATA 	Keypress: space
184.2195 	DATA 	Keypress: space
186.2355 	DATA 	Keypress: space
191.6179 	DATA 	Keypress: space
193.9512 	DATA 	Keypress: space
197.8509 	DATA 	Keypress: space
200.8020 	DATA 	Keypress: space
204.5835 	DATA 	Keypress: space
210.3676 	DATA 	Keypress: space
213.2353 	DATA 	Keypress: space
217.6511 	DATA 	Keypress: space
220.4859 	DATA 	Keypress: space
223.9178 	DATA 	Keypress: space
225.9344 	DATA 	Keypress: space
231.4014 	DATA 	Keypress: space
233.5845 	DATA 	Keypress: space
236.0186 	DATA 	Keypress: space
240.7354 	DATA 	Keypress: space
248.0504 	EXP 	movie1_video: autoDraw = False
248.0504 	EXP 	movie1_video: autoDraw = False
248.0504 	EXP 	txt_imi: autoDraw = True
250.8178 	DATA 	Keypress: space
251.0506 	EXP 	txt_imi: autoDraw = False
251.0506 	EXP 	txt_imi: autoDraw = False
251.0506 	EXP 	movie2_video: autoDraw = True
255.2338 	DATA 	Keypress: space
260.7540 	DATA 	Keypress: space
272.8676 	DATA 	Keypress: space
274.8512 	DATA 	Keypress: space
279.3506 	DATA 	Keypress: space
291.0675 	DATA 	Keypress: space
295.9175 	DATA 	Keypress: space
298.0013 	DATA 	Keypress: space
305.0508 	DATA 	Keypress: space
309.5009 	DATA 	Keypress: space
312.5513 	DATA 	Keypress: space
320.6666 	DATA 	Keypress: space
327.1342 	DATA 	Keypress: space
329.8028 	DATA 	Keypress: space
337.2682 	DATA 	Keypress: space
341.7180 	DATA 	Keypress: space
347.1831 	DATA 	Keypress: space
349.7509 	DATA 	Keypress: space
351.0845 	DATA 	Keypress: space
353.1840 	DATA 	Keypress: space
363.2339 	DATA 	Keypress: space
368.2187 	DATA 	Keypress: space
374.2681 	DATA 	Keypress: space
377.3004 	DATA 	Keypress: space
380.8508 	DATA 	Keypress: space
385.2010 	DATA 	Keypress: space
388.4176 	DATA 	Keypress: space
396.2352 	DATA 	Keypress: space
400.5839 	DATA 	Keypress: space
402.9507 	DATA 	Keypress: space
405.9857 	DATA 	Keypress: space
408.8842 	DATA 	Keypress: space
414.1840 	DATA 	Keypress: space
414.1843 	DATA 	Keypress: n
422.0497 	DATA 	Keypress: space
434.8022 	DATA 	Keypress: space
435.1008 	DATA 	Keypress: space
435.7999 	EXP 	movie2_video: autoDraw = False
435.7999 	EXP 	movie2_video: autoDraw = False
435.7999 	EXP 	txt_imi: autoDraw = True
438.8001 	EXP 	txt_imi: autoDraw = False
438.8001 	EXP 	txt_imi: autoDraw = False
438.8001 	EXP 	movie3_seg: autoDraw = True
441.5186 	DATA 	Keypress: space
447.4672 	DATA 	Keypress: space
455.5005 	DATA 	Keypress: space
460.5839 	DATA 	Keypress: space
465.9005 	DATA 	Keypress: space
470.0512 	DATA 	Keypress: space
473.7345 	DATA 	Keypress: space
477.3671 	DATA 	Keypress: space
480.5843 	DATA 	Keypress: space
492.6505 	DATA 	Keypress: space
499.9670 	DATA 	Keypress: space
506.2508 	DATA 	Keypress: space
515.9161 	DATA 	Keypress: space
521.5694 	DATA 	Keypress: space
529.6837 	DATA 	Keypress: space
535.4171 	DATA 	Keypress: space
538.4171 	DATA 	Keypress: space
543.5669 	DATA 	Keypress: space
546.7694 	DATA 	Keypress: space
549.7697 	DATA 	Keypress: v
549.7702 	DATA 	Keypress: b
549.7854 	DATA 	Keypress: space
553.9704 	DATA 	Keypress: space
561.2681 	DATA 	Keypress: space
566.8170 	DATA 	Keypress: space
571.8337 	DATA 	Keypress: space
575.8512 	DATA 	Keypress: space
584.5676 	DATA 	Keypress: space
591.0342 	DATA 	Keypress: space
597.5675 	DATA 	Keypress: space
605.2669 	DATA 	Keypress: space
611.9383 	DATA 	Keypress: space
615.1167 	DATA 	Keypress: n
620.6667 	DATA 	Keypress: space
626.9853 	DATA 	Keypress: space
630.3845 	DATA 	Keypress: space
634.6501 	DATA 	Keypress: space
638.5699 	DATA 	Keypress: space
643.5369 	DATA 	Keypress: space
646.4003 	DATA 	Keypress: space
650.4336 	DATA 	Keypress: space
654.4841 	DATA 	Keypress: space
656.1002 	DATA 	Keypress: space
657.4501 	DATA 	Keypress: space
660.0401 	EXP 	window1: mouseVisible = True
