16.1205 	WARNING 	User requested fullscreen with size [1024  768], but screen is actually [1920, 1080]. Using actual size
17.6952 	EXP 	Created window1 = Window(allowGUI=False, allowStencil=False, args=UNKNOWN, autoLog=True, bitsMode=UNKNOWN, blendMode='avg', color=array([0., 0., 0.]), colorSpace='rgb', fullscr=<method-wrapper '__getattribute__' of attributeSetter object at 0x00000287CBE5E908>, gamma=None, kwargs=UNKNOWN, lms=UNKNOWN, monitor=<psychopy.monitors.calibTools.Monitor object at 0x00000287CD6D3240>, multiSample=False, name='window1', numSamples=2, pos=[0.0, 0.0], screen=0, size=array([1920, 1080]), stereo=False, units='height', useFBO=True, useRetina=False, viewOri=0.0, viewPos=None, viewScale=None, waitBlanking=True, winType='pyglet')
17.6953 	EXP 	window1: recordFrameIntervals = False
17.8607 	EXP 	window1: recordFrameIntervals = True
18.0441 	EXP 	window1: recordFrameIntervals = False
18.3340 	EXP 	Created txt_instrcution = TextStim(__class__=<class 'psychopy.visual.text.TextStim'>, alignHoriz='center', alignVert='center', antialias=True, autoLog=True, bold=False, color='white', colorSpace='named', contrast=1.0, depth=0.0, flipHoriz=False, flipVert=False, font='Arial', fontFiles=[], height=0.05, italic=False, languageStyle='LTR', name='txt_instrcution', opacity=1.0, ori=0, pos=array([0., 0.]), rgb=array([255., 255., 255.]), text=str(...), units='height', win=Window(...), wrapWidth=1)
18.3438 	EXP 	Created txt_imi = TextStim(__class__=<class 'psychopy.visual.text.TextStim'>, alignHoriz='center', alignVert='center', antialias=True, autoLog=True, bold=False, color='white', colorSpace='named', contrast=1.0, depth=0.0, flipHoriz=False, flipVert=False, font='Arial', fontFiles=[], height=0.1, italic=False, languageStyle='LTR', name='txt_imi', opacity=1.0, ori=0, pos=array([0., 0.]), rgb=array([255., 255., 255.]), text='+', units='height', win=Window(...), wrapWidth=1)
19.0207 	EXP 	Created movie2_video = MovieStim3(__class__=<class 'psychopy.visual.movie3.MovieStim3'>, autoLog=True, color=UNKNOWN, colorSpace=UNKNOWN, depth=0.0, filename='stimuliSet\\v5\\seg\\v5_comb.avi', flipHoriz=False, flipVert=False, fps=UNKNOWN, interpolate=True, loop=False, name='movie2_video', noAudio=True, opacity=1.0, ori=0, pos=array([0., 0.]), size=array([480., 352.]), units='pix', vframe_callback=UNKNOWN, volume=UNKNOWN, win=Window(...))
19.0228 	EXP 	Created txt_imi = TextStim(__class__=<class 'psychopy.visual.text.TextStim'>, alignHoriz='center', alignVert='center', antialias=True, autoLog=True, bold=False, color='white', colorSpace='named', contrast=1.0, depth=0.0, flipHoriz=False, flipVert=False, font='Arial', fontFiles=[], height=0.1, italic=False, languageStyle='LTR', name='txt_imi', opacity=1.0, ori=0, pos=array([0., 0.]), rgb=array([255., 255., 255.]), text='+', units='height', win=Window(...), wrapWidth=1)
19.1264 	EXP 	Created movie3_seg = MovieStim3(__class__=<class 'psychopy.visual.movie3.MovieStim3'>, autoLog=True, color=UNKNOWN, colorSpace=UNKNOWN, depth=-2.0, filename='stimuliSet\\v7\\seg\\v7_comb.avi', flipHoriz=False, flipVert=False, fps=UNKNOWN, interpolate=True, loop=False, name='movie3_seg', noAudio=True, opacity=1.0, ori=0, pos=array([0., 0.]), size=array([480., 360.]), units='pix', vframe_callback=UNKNOWN, volume=UNKNOWN, win=Window(...))
19.1320 	EXP 	movie2_video: movie = 'stimuliSet\\v5\\seg\\v5_comb.avi'
19.1320 	EXP 	movie2_video: autoLog = True
19.1320 	EXP 	movie3_seg: movie = 'stimuliSet\\v7\\seg\\v7_comb.avi'
19.1320 	EXP 	movie3_seg: autoLog = True
19.1320 	EXP 	txt_instrcution: autoDraw = True
50.7455 	DATA 	Keypress: space
50.8891 	EXP 	Created movie1_video = MovieStim3(__class__=<class 'psychopy.visual.movie3.MovieStim3'>, autoLog=True, color=UNKNOWN, colorSpace=UNKNOWN, depth=-2.0, filename='stimuliSet\\v1\\seg\\v1_comb.avi', flipHoriz=False, flipVert=False, fps=UNKNOWN, interpolate=True, loop=False, name='movie1_video', noAudio=True, opacity=1.0, ori=0, pos=array([0., 0.]), size=array([480., 352.]), units='pix', vframe_callback=UNKNOWN, volume=UNKNOWN, win=Window(...))
50.8989 	EXP 	txt_instrcution: autoDraw = False
50.8989 	EXP 	movie1_video: movie = 'stimuliSet\\v1\\seg\\v1_comb.avi'
50.8989 	EXP 	movie1_video: autoLog = True
50.8989 	EXP 	movie1_video: autoDraw = True
60.3777 	DATA 	Keypress: space
65.0139 	DATA 	Keypress: space
72.9610 	DATA 	Keypress: space
90.8111 	DATA 	Keypress: space
119.6608 	DATA 	Keypress: space
133.5121 	DATA 	Keypress: space
146.7616 	DATA 	Keypress: space
162.4619 	DATA 	Keypress: space
188.2782 	DATA 	Keypress: space
205.8452 	DATA 	Keypress: space
213.1609 	DATA 	Keypress: space
235.5269 	EXP 	movie1_video: autoDraw = False
235.5269 	EXP 	movie1_video: autoDraw = False
235.5269 	EXP 	txt_imi: autoDraw = True
236.2783 	DATA 	Keypress: space
238.5269 	EXP 	txt_imi: autoDraw = False
238.5269 	EXP 	txt_imi: autoDraw = False
238.5269 	EXP 	movie2_video: autoDraw = True
249.7274 	DATA 	Keypress: space
254.9275 	DATA 	Keypress: space
257.7622 	DATA 	Keypress: space
262.0780 	DATA 	Keypress: space
266.6606 	DATA 	Keypress: space
287.2440 	DATA 	Keypress: space
303.2616 	DATA 	Keypress: space
312.7611 	DATA 	Keypress: space
327.6609 	DATA 	Keypress: space
364.1275 	DATA 	Keypress: space
371.8113 	DATA 	Keypress: space
384.1608 	DATA 	Keypress: space
390.4773 	DATA 	Keypress: space
415.1275 	DATA 	Keypress: space
420.1272 	DATA 	Keypress: space
432.6266 	EXP 	movie2_video: autoDraw = False
432.6266 	EXP 	movie2_video: autoDraw = False
432.6266 	EXP 	txt_imi: autoDraw = True
435.6267 	EXP 	txt_imi: autoDraw = False
435.6267 	EXP 	txt_imi: autoDraw = False
435.6267 	EXP 	movie3_seg: autoDraw = True
436.3444 	DATA 	Keypress: space
457.5615 	DATA 	Keypress: space
493.4440 	DATA 	Keypress: space
503.2948 	DATA 	Keypress: space
519.9775 	DATA 	Keypress: space
558.6104 	DATA 	Keypress: space
598.4260 	DATA 	Keypress: space
643.2781 	DATA 	Keypress: space
656.8210 	EXP 	window1: mouseVisible = True
