16.8581 	WARNING 	User requested fullscreen with size [1024  768], but screen is actually [1920, 1080]. Using actual size
18.9006 	EXP 	Created window1 = Window(allowGUI=False, allowStencil=False, args=UNKNOWN, autoLog=True, bitsMode=UNKNOWN, blendMode='avg', color=array([0., 0., 0.]), colorSpace='rgb', fullscr=<method-wrapper '__getattribute__' of attributeSetter object at 0x000002854964D978>, gamma=None, kwargs=UNKNOWN, lms=UNKNOWN, monitor=<psychopy.monitors.calibTools.Monitor object at 0x000002854AE82278>, multiSample=False, name='window1', numSamples=2, pos=[0.0, 0.0], screen=0, size=array([1920, 1080]), stereo=False, units='height', useFBO=True, useRetina=False, viewOri=0.0, viewPos=None, viewScale=None, waitBlanking=True, winType='pyglet')
18.9007 	EXP 	window1: recordFrameIntervals = False
19.0573 	EXP 	window1: recordFrameIntervals = True
19.2409 	EXP 	window1: recordFrameIntervals = False
19.7477 	EXP 	Created txt_instrcution = TextStim(__class__=<class 'psychopy.visual.text.TextStim'>, alignHoriz='center', alignVert='center', antialias=True, autoLog=True, bold=False, color='white', colorSpace='named', contrast=1.0, depth=0.0, flipHoriz=False, flipVert=False, font='Arial', fontFiles=[], height=0.05, italic=False, languageStyle='LTR', name='txt_instrcution', opacity=1.0, ori=0, pos=array([0., 0.]), rgb=array([255., 255., 255.]), text=str(...), units='height', win=Window(...), wrapWidth=1)
19.7630 	EXP 	Created txt_imi = TextStim(__class__=<class 'psychopy.visual.text.TextStim'>, alignHoriz='center', alignVert='center', antialias=True, autoLog=True, bold=False, color='white', colorSpace='named', contrast=1.0, depth=0.0, flipHoriz=False, flipVert=False, font='Arial', fontFiles=[], height=0.1, italic=False, languageStyle='LTR', name='txt_imi', opacity=1.0, ori=0, pos=array([0., 0.]), rgb=array([255., 255., 255.]), text='+', units='height', win=Window(...), wrapWidth=1)
21.1255 	EXP 	Created movie2_video = MovieStim3(__class__=<class 'psychopy.visual.movie3.MovieStim3'>, autoLog=True, color=UNKNOWN, colorSpace=UNKNOWN, depth=0.0, filename='stimuliSet\\v1\\seg\\v1_comb.avi', flipHoriz=False, flipVert=False, fps=UNKNOWN, interpolate=True, loop=False, name='movie2_video', noAudio=True, opacity=1.0, ori=0, pos=array([0., 0.]), size=array([480., 352.]), units='pix', vframe_callback=UNKNOWN, volume=UNKNOWN, win=Window(...))
21.1276 	EXP 	Created txt_imi = TextStim(__class__=<class 'psychopy.visual.text.TextStim'>, alignHoriz='center', alignVert='center', antialias=True, autoLog=True, bold=False, color='white', colorSpace='named', contrast=1.0, depth=0.0, flipHoriz=False, flipVert=False, font='Arial', fontFiles=[], height=0.1, italic=False, languageStyle='LTR', name='txt_imi', opacity=1.0, ori=0, pos=array([0., 0.]), rgb=array([255., 255., 255.]), text='+', units='height', win=Window(...), wrapWidth=1)
21.2286 	EXP 	Created movie3_seg = MovieStim3(__class__=<class 'psychopy.visual.movie3.MovieStim3'>, autoLog=True, color=UNKNOWN, colorSpace=UNKNOWN, depth=-2.0, filename='stimuliSet\\v5\\seg\\v5_comb.avi', flipHoriz=False, flipVert=False, fps=UNKNOWN, interpolate=True, loop=False, name='movie3_seg', noAudio=True, opacity=1.0, ori=0, pos=array([0., 0.]), size=array([480., 352.]), units='pix', vframe_callback=UNKNOWN, volume=UNKNOWN, win=Window(...))
21.2344 	EXP 	movie2_video: movie = 'stimuliSet\\v1\\seg\\v1_comb.avi'
21.2344 	EXP 	movie2_video: autoLog = True
21.2344 	EXP 	movie3_seg: movie = 'stimuliSet\\v5\\seg\\v5_comb.avi'
21.2344 	EXP 	movie3_seg: autoLog = True
21.2344 	EXP 	txt_instrcution: autoDraw = True
58.5743 	DATA 	Keypress: space
58.6903 	EXP 	Created movie1_video = MovieStim3(__class__=<class 'psychopy.visual.movie3.MovieStim3'>, autoLog=True, color=UNKNOWN, colorSpace=UNKNOWN, depth=-2.0, filename='stimuliSet\\v7\\seg\\v7_comb.avi', flipHoriz=False, flipVert=False, fps=UNKNOWN, interpolate=True, loop=False, name='movie1_video', noAudio=True, opacity=1.0, ori=0, pos=array([0., 0.]), size=array([480., 360.]), units='pix', vframe_callback=UNKNOWN, volume=UNKNOWN, win=Window(...))
58.7004 	EXP 	txt_instrcution: autoDraw = False
58.7004 	EXP 	movie1_video: movie = 'stimuliSet\\v7\\seg\\v7_comb.avi'
58.7004 	EXP 	movie1_video: autoLog = True
58.7004 	EXP 	movie1_video: autoDraw = True
81.0238 	DATA 	Keypress: space
102.7440 	DATA 	Keypress: space
104.8087 	DATA 	Keypress: space
137.2417 	DATA 	Keypress: space
182.3908 	DATA 	Keypress: space
222.7769 	DATA 	Keypress: space
268.6407 	DATA 	Keypress: space
279.5900 	EXP 	movie1_video: autoDraw = False
279.5900 	EXP 	movie1_video: autoDraw = False
279.5900 	EXP 	txt_imi: autoDraw = True
282.5898 	EXP 	txt_imi: autoDraw = False
282.5898 	EXP 	txt_imi: autoDraw = False
282.5898 	EXP 	movie2_video: autoDraw = True
283.5576 	DATA 	Keypress: space
307.1905 	DATA 	Keypress: space
352.2587 	DATA 	Keypress: space
372.0245 	DATA 	Keypress: space
385.4726 	DATA 	Keypress: space
418.9569 	DATA 	Keypress: space
439.0742 	DATA 	Keypress: space
467.3395 	EXP 	movie2_video: autoDraw = False
467.3395 	EXP 	movie2_video: autoDraw = False
467.3395 	EXP 	txt_imi: autoDraw = True
470.3395 	EXP 	txt_imi: autoDraw = False
470.3395 	EXP 	txt_imi: autoDraw = False
470.3395 	EXP 	movie3_seg: autoDraw = True
471.1069 	DATA 	Keypress: space
482.7243 	DATA 	Keypress: space
486.3242 	DATA 	Keypress: space
498.6069 	DATA 	Keypress: space
533.0229 	DATA 	Keypress: space
562.3733 	DATA 	Keypress: space
596.1398 	DATA 	Keypress: space
621.9232 	DATA 	Keypress: space
650.1758 	DATA 	Keypress: space
664.6626 	EXP 	window1: mouseVisible = True
