8.7428 	WARNING 	User requested fullscreen with size [1024  768], but screen is actually [1920, 1080]. Using actual size
9.7392 	EXP 	Created window1 = Window(allowGUI=False, allowStencil=False, args=UNKNOWN, autoLog=True, bitsMode=UNKNOWN, blendMode='avg', color=array([0., 0., 0.]), colorSpace='rgb', fullscr=<method-wrapper '__getattribute__' of attributeSetter object at 0x000000001A5729E8>, gamma=None, gammaErrorPolicy='raise', kwargs=UNKNOWN, lms=UNKNOWN, monitor=<psychopy.monitors.calibTools.Monitor object at 0x000000001A5E3A90>, multiSample=False, name='window1', numSamples=2, pos=[0.0, 0.0], screen=0, size=array([1920, 1080]), stereo=False, units='height', useFBO=True, useRetina=False, viewOri=0.0, viewPos=None, viewScale=None, waitBlanking=True, winType='pyglet')
9.7393 	EXP 	window1: recordFrameIntervals = False
9.9044 	EXP 	window1: recordFrameIntervals = True
10.0884 	EXP 	window1: recordFrameIntervals = False
10.2764 	EXP 	Created txt_instrcution = TextStim(__class__=<class 'psychopy.visual.text.TextStim'>, alignHoriz='center', alignVert='center', antialias=True, autoLog=True, bold=False, color='white', colorSpace='named', contrast=1.0, depth=0.0, flipHoriz=False, flipVert=False, font='Arial', fontFiles=[], height=0.05, italic=False, languageStyle='LTR', name='txt_instrcution', opacity=1.0, ori=0, pos=array([0., 0.]), rgb=array([255., 255., 255.]), text=str(...), units='height', win=Window(...), wrapWidth=1)
10.2855 	EXP 	Created txt_imi = TextStim(__class__=<class 'psychopy.visual.text.TextStim'>, alignHoriz='center', alignVert='center', antialias=True, autoLog=True, bold=False, color='white', colorSpace='named', contrast=1.0, depth=0.0, flipHoriz=False, flipVert=False, font='Arial', fontFiles=[], height=0.1, italic=False, languageStyle='LTR', name='txt_imi', opacity=1.0, ori=0, pos=array([0., 0.]), rgb=array([255., 255., 255.]), text='+', units='height', win=Window(...), wrapWidth=1)
10.4827 	EXP 	Created movie2_video = MovieStim3(__class__=<class 'psychopy.visual.movie3.MovieStim3'>, autoLog=True, color=UNKNOWN, colorSpace=UNKNOWN, depth=0.0, filename='stimuliSet\\v5\\seg\\v5_comb.avi', flipHoriz=False, flipVert=False, fps=UNKNOWN, interpolate=True, loop=False, name='movie2_video', noAudio=True, opacity=1.0, ori=0, pos=array([0., 0.]), size=array([480., 352.]), units='pix', vframe_callback=UNKNOWN, volume=UNKNOWN, win=Window(...))
10.4850 	EXP 	Created txt_imi = TextStim(__class__=<class 'psychopy.visual.text.TextStim'>, alignHoriz='center', alignVert='center', antialias=True, autoLog=True, bold=False, color='white', colorSpace='named', contrast=1.0, depth=0.0, flipHoriz=False, flipVert=False, font='Arial', fontFiles=[], height=0.1, italic=False, languageStyle='LTR', name='txt_imi', opacity=1.0, ori=0, pos=array([0., 0.]), rgb=array([255., 255., 255.]), text='+', units='height', win=Window(...), wrapWidth=1)
10.5359 	EXP 	Created movie3_seg = MovieStim3(__class__=<class 'psychopy.visual.movie3.MovieStim3'>, autoLog=True, color=UNKNOWN, colorSpace=UNKNOWN, depth=-2.0, filename='stimuliSet\\v1\\seg\\v1_comb.avi', flipHoriz=False, flipVert=False, fps=UNKNOWN, interpolate=True, loop=False, name='movie3_seg', noAudio=True, opacity=1.0, ori=0, pos=array([0., 0.]), size=array([480., 352.]), units='pix', vframe_callback=UNKNOWN, volume=UNKNOWN, win=Window(...))
10.5747 	EXP 	movie2_video: movie = 'stimuliSet\\v5\\seg\\v5_comb.avi'
10.5747 	EXP 	movie2_video: autoLog = True
10.5747 	EXP 	movie3_seg: movie = 'stimuliSet\\v1\\seg\\v1_comb.avi'
10.5747 	EXP 	movie3_seg: autoLog = True
10.5747 	EXP 	txt_instrcution: autoDraw = True
53.1503 	EXP 	Created movie1_video = MovieStim3(__class__=<class 'psychopy.visual.movie3.MovieStim3'>, autoLog=True, color=UNKNOWN, colorSpace=UNKNOWN, depth=-2.0, filename='stimuliSet\\v7\\seg\\v7_comb.avi', flipHoriz=False, flipVert=False, fps=UNKNOWN, interpolate=True, loop=False, name='movie1_video', noAudio=True, opacity=1.0, ori=0, pos=array([0., 0.]), size=array([480., 360.]), units='pix', vframe_callback=UNKNOWN, volume=UNKNOWN, win=Window(...))
53.1677 	EXP 	txt_instrcution: autoDraw = False
53.1677 	EXP 	movie1_video: movie = 'stimuliSet\\v7\\seg\\v7_comb.avi'
53.1677 	EXP 	movie1_video: autoLog = True
53.1677 	EXP 	movie1_video: autoDraw = True
151.9725 	DATA 	Mouse: Left button down, pos=(831,412)
152.1185 	DATA 	Mouse:  Left button up, pos=(831,412)
155.0037 	DATA 	Keypress: space
157.6708 	DATA 	Keypress: space
160.8871 	DATA 	Keypress: space
165.8402 	DATA 	Keypress: space
176.5918 	DATA 	Keypress: space
186.5111 	DATA 	Keypress: space
190.0313 	DATA 	Keypress: space
195.3476 	DATA 	Keypress: space
201.1158 	DATA 	Keypress: space
209.5701 	DATA 	Keypress: space
219.3395 	DATA 	Keypress: space
225.5079 	DATA 	Keypress: space
232.8923 	DATA 	Keypress: space
245.3977 	DATA 	Keypress: space
257.7493 	DATA 	Keypress: space
270.1197 	DATA 	Keypress: space
274.1669 	EXP 	movie1_video: autoDraw = False
274.1669 	EXP 	movie1_video: autoDraw = False
274.1669 	EXP 	txt_imi: autoDraw = True
277.1678 	EXP 	txt_imi: autoDraw = False
277.1678 	EXP 	txt_imi: autoDraw = False
277.1678 	EXP 	movie2_video: autoDraw = True
282.2423 	DATA 	Keypress: space
288.3587 	DATA 	Keypress: space
293.2117 	DATA 	Keypress: space
297.9111 	DATA 	Keypress: space
302.4791 	DATA 	Keypress: space
311.0005 	DATA 	Keypress: space
318.5840 	DATA 	Keypress: space
327.3863 	DATA 	Keypress: space
335.5225 	DATA 	Keypress: space
337.2228 	DATA 	Keypress: space
339.4088 	DATA 	Keypress: space
341.4758 	DATA 	Keypress: space
347.2263 	DATA 	Keypress: space
360.2468 	DATA 	Keypress: space
366.6342 	DATA 	Keypress: space
377.0854 	DATA 	Keypress: space
396.2573 	DATA 	Keypress: space
400.8586 	DATA 	Keypress: space
410.2950 	DATA 	Keypress: space
424.8676 	DATA 	Keypress: space
451.3098 	DATA 	Keypress: space
460.1781 	DATA 	Keypress: space
471.2760 	EXP 	movie2_video: autoDraw = False
471.2760 	EXP 	movie2_video: autoDraw = False
471.2760 	EXP 	txt_imi: autoDraw = True
471.8951 	DATA 	Keypress: space
474.2769 	EXP 	txt_imi: autoDraw = False
474.2769 	EXP 	txt_imi: autoDraw = False
474.2769 	EXP 	movie3_seg: autoDraw = True
484.2343 	DATA 	Keypress: space
521.7279 	DATA 	Keypress: space
533.2984 	DATA 	Keypress: space
543.3532 	DATA 	Keypress: space
567.5110 	DATA 	Keypress: space
577.5135 	DATA 	Keypress: space
599.7204 	DATA 	Keypress: space
621.4581 	DATA 	Keypress: space
630.8945 	DATA 	Keypress: space
659.0490 	EXP 	movie3_seg: autoDraw = False
659.0490 	EXP 	movie3_seg: autoDraw = False
659.1391 	EXP 	window1: mouseVisible = True
