6.2279 	WARNING 	User requested fullscreen with size [1024  768], but screen is actually [1920, 1080]. Using actual size
7.2255 	EXP 	Created window1 = Window(allowGUI=False, allowStencil=False, args=UNKNOWN, autoLog=True, bitsMode=UNKNOWN, blendMode='avg', color=array([0., 0., 0.]), colorSpace='rgb', fullscr=<method-wrapper '__getattribute__' of attributeSetter object at 0x000000001A583B70>, gamma=None, gammaErrorPolicy='raise', kwargs=UNKNOWN, lms=UNKNOWN, monitor=<psychopy.monitors.calibTools.Monitor object at 0x000000001A5F4C18>, multiSample=False, name='window1', numSamples=2, pos=[0.0, 0.0], screen=0, size=array([1920, 1080]), stereo=False, units='height', useFBO=True, useRetina=False, viewOri=0.0, viewPos=None, viewScale=None, waitBlanking=True, winType='pyglet')
7.2256 	EXP 	window1: recordFrameIntervals = False
7.3911 	EXP 	window1: recordFrameIntervals = True
7.5746 	EXP 	window1: recordFrameIntervals = False
7.7539 	EXP 	Created txt_instrcution = TextStim(__class__=<class 'psychopy.visual.text.TextStim'>, alignHoriz='center', alignVert='center', antialias=True, autoLog=True, bold=False, color='white', colorSpace='named', contrast=1.0, depth=0.0, flipHoriz=False, flipVert=False, font='Arial', fontFiles=[], height=0.05, italic=False, languageStyle='LTR', name='txt_instrcution', opacity=1.0, ori=0, pos=array([0., 0.]), rgb=array([255., 255., 255.]), text=str(...), units='height', win=Window(...), wrapWidth=1)
7.7625 	EXP 	Created txt_imi = TextStim(__class__=<class 'psychopy.visual.text.TextStim'>, alignHoriz='center', alignVert='center', antialias=True, autoLog=True, bold=False, color='white', colorSpace='named', contrast=1.0, depth=0.0, flipHoriz=False, flipVert=False, font='Arial', fontFiles=[], height=0.1, italic=False, languageStyle='LTR', name='txt_imi', opacity=1.0, ori=0, pos=array([0., 0.]), rgb=array([255., 255., 255.]), text='+', units='height', win=Window(...), wrapWidth=1)
7.9517 	EXP 	Created movie2_video = MovieStim3(__class__=<class 'psychopy.visual.movie3.MovieStim3'>, autoLog=True, color=UNKNOWN, colorSpace=UNKNOWN, depth=0.0, filename='stimuliSet\\v5\\seg\\v5_comb.avi', flipHoriz=False, flipVert=False, fps=UNKNOWN, interpolate=True, loop=False, name='movie2_video', noAudio=True, opacity=1.0, ori=0, pos=array([0., 0.]), size=array([480., 352.]), units='pix', vframe_callback=UNKNOWN, volume=UNKNOWN, win=Window(...))
7.9540 	EXP 	Created txt_imi = TextStim(__class__=<class 'psychopy.visual.text.TextStim'>, alignHoriz='center', alignVert='center', antialias=True, autoLog=True, bold=False, color='white', colorSpace='named', contrast=1.0, depth=0.0, flipHoriz=False, flipVert=False, font='Arial', fontFiles=[], height=0.1, italic=False, languageStyle='LTR', name='txt_imi', opacity=1.0, ori=0, pos=array([0., 0.]), rgb=array([255., 255., 255.]), text='+', units='height', win=Window(...), wrapWidth=1)
8.0069 	EXP 	Created movie3_seg = MovieStim3(__class__=<class 'psychopy.visual.movie3.MovieStim3'>, autoLog=True, color=UNKNOWN, colorSpace=UNKNOWN, depth=-2.0, filename='stimuliSet\\v7\\seg\\v7_comb.avi', flipHoriz=False, flipVert=False, fps=UNKNOWN, interpolate=True, loop=False, name='movie3_seg', noAudio=True, opacity=1.0, ori=0, pos=array([0., 0.]), size=array([480., 360.]), units='pix', vframe_callback=UNKNOWN, volume=UNKNOWN, win=Window(...))
8.0607 	EXP 	movie2_video: movie = 'stimuliSet\\v5\\seg\\v5_comb.avi'
8.0607 	EXP 	movie2_video: autoLog = True
8.0607 	EXP 	movie3_seg: movie = 'stimuliSet\\v7\\seg\\v7_comb.avi'
8.0607 	EXP 	movie3_seg: autoLog = True
8.0607 	EXP 	txt_instrcution: autoDraw = True
29.8420 	EXP 	Created movie1_video = MovieStim3(__class__=<class 'psychopy.visual.movie3.MovieStim3'>, autoLog=True, color=UNKNOWN, colorSpace=UNKNOWN, depth=-2.0, filename='stimuliSet\\v1\\seg\\v1_comb.avi', flipHoriz=False, flipVert=False, fps=UNKNOWN, interpolate=True, loop=False, name='movie1_video', noAudio=True, opacity=1.0, ori=0, pos=array([0., 0.]), size=array([480., 352.]), units='pix', vframe_callback=UNKNOWN, volume=UNKNOWN, win=Window(...))
29.8638 	EXP 	txt_instrcution: autoDraw = False
29.8638 	EXP 	movie1_video: movie = 'stimuliSet\\v1\\seg\\v1_comb.avi'
29.8638 	EXP 	movie1_video: autoLog = True
29.8638 	EXP 	movie1_video: autoDraw = True
214.6359 	EXP 	movie1_video: autoDraw = False
214.6359 	EXP 	movie1_video: autoDraw = False
214.6359 	EXP 	txt_imi: autoDraw = True
217.6369 	EXP 	txt_imi: autoDraw = False
217.6369 	EXP 	txt_imi: autoDraw = False
217.6369 	EXP 	movie2_video: autoDraw = True
411.7450 	EXP 	movie2_video: autoDraw = False
411.7450 	EXP 	movie2_video: autoDraw = False
411.7450 	EXP 	txt_imi: autoDraw = True
414.7460 	EXP 	txt_imi: autoDraw = False
414.7460 	EXP 	txt_imi: autoDraw = False
414.7460 	EXP 	movie3_seg: autoDraw = True
635.7456 	EXP 	movie3_seg: autoDraw = False
635.7456 	EXP 	movie3_seg: autoDraw = False
635.7969 	EXP 	window1: mouseVisible = True
